{"/Users/atharvajoshi/Desktop/work/rent-mg-sys-projects/backend/handlers/prismaErrorHandler.ts": {"path":"/Users/atharvajoshi/Desktop/work/rent-mg-sys-projects/backend/handlers/prismaErrorHandler.ts","statementMap":{"0":{"start":{"line":1,"column":0},"end":{"line":1,"column":40}},"1":{"start":{"line":2,"column":0},"end":{"line":2,"column":62}},"2":{"start":{"line":3,"column":0},"end":{"line":3,"column":48}},"3":{"start":{"line":5,"column":34},"end":{"line":61,"column":1}},"4":{"start":{"line":7,"column":4},"end":{"line":7,"column":20}},"5":{"start":{"line":16,"column":6},"end":{"line":16,"column":12}},"6":{"start":{"line":17,"column":2},"end":{"line":44,"column":3}},"7":{"start":{"line":18,"column":4},"end":{"line":43,"column":5}},"8":{"start":{"line":20,"column":8},"end":{"line":24,"column":10}},"9":{"start":{"line":26,"column":8},"end":{"line":30,"column":10}},"10":{"start":{"line":32,"column":8},"end":{"line":36,"column":10}},"11":{"start":{"line":38,"column":8},"end":{"line":42,"column":10}},"12":{"start":{"line":45,"column":2},"end":{"line":50,"column":3}},"13":{"start":{"line":46,"column":4},"end":{"line":49,"column":6}},"14":{"start":{"line":51,"column":2},"end":{"line":56,"column":3}},"15":{"start":{"line":52,"column":4},"end":{"line":55,"column":6}},"16":{"start":{"line":57,"column":2},"end":{"line":60,"column":4}},"17":{"start":{"line":5,"column":13},"end":{"line":5,"column":34}}},"fnMap":{"0":{"name":"(anonymous_0)","decl":{"start":{"line":5,"column":34},"end":{"line":5,"column":35}},"loc":{"start":{"line":5,"column":47},"end":{"line":61,"column":1}}}},"branchMap":{"0":{"loc":{"start":{"line":17,"column":2},"end":{"line":44,"column":3}},"type":"if","locations":[{"start":{"line":17,"column":2},"end":{"line":44,"column":3}}]},"1":{"loc":{"start":{"line":18,"column":4},"end":{"line":43,"column":5}},"type":"switch","locations":[{"start":{"line":19,"column":6},"end":{"line":24,"column":10}},{"start":{"line":25,"column":6},"end":{"line":30,"column":10}},{"start":{"line":31,"column":6},"end":{"line":36,"column":10}},{"start":{"line":37,"column":6},"end":{"line":42,"column":10}}]},"2":{"loc":{"start":{"line":45,"column":2},"end":{"line":50,"column":3}},"type":"if","locations":[{"start":{"line":45,"column":2},"end":{"line":50,"column":3}}]},"3":{"loc":{"start":{"line":51,"column":2},"end":{"line":56,"column":3}},"type":"if","locations":[{"start":{"line":51,"column":2},"end":{"line":56,"column":3}}]}},"s":{"0":2,"1":2,"2":2,"3":2,"4":1,"5":1,"6":1,"7":0,"8":0,"9":0,"10":0,"11":0,"12":1,"13":0,"14":1,"15":0,"16":1,"17":2},"f":{"0":1},"b":{"0":[0],"1":[0,0,0,0],"2":[0],"3":[0]}}
,"/Users/atharvajoshi/Desktop/work/rent-mg-sys-projects/backend/middlewares/ownerData.ts": {"path":"/Users/atharvajoshi/Desktop/work/rent-mg-sys-projects/backend/middlewares/ownerData.ts","statementMap":{"0":{"start":{"line":3,"column":0},"end":{"line":3,"column":31}},"1":{"start":{"line":4,"column":0},"end":{"line":4,"column":61}},"2":{"start":{"line":5,"column":0},"end":{"line":5,"column":56}},"3":{"start":{"line":6,"column":0},"end":{"line":6,"column":60}},"4":{"start":{"line":8,"column":33},"end":{"line":25,"column":1}},"5":{"start":{"line":9,"column":15},"end":{"line":9,"column":33}},"6":{"start":{"line":10,"column":2},"end":{"line":24,"column":3}},"7":{"start":{"line":11,"column":4},"end":{"line":11,"column":28}},"8":{"start":{"line":12,"column":4},"end":{"line":12,"column":17}},"9":{"start":{"line":14,"column":4},"end":{"line":23,"column":5}},"10":{"start":{"line":15,"column":6},"end":{"line":20,"column":8}},"11":{"start":{"line":22,"column":6},"end":{"line":22,"column":71}},"12":{"start":{"line":8,"column":13},"end":{"line":8,"column":33}}},"fnMap":{"0":{"name":"(anonymous_0)","decl":{"start":{"line":8,"column":33},"end":{"line":8,"column":38}},"loc":{"start":{"line":8,"column":66},"end":{"line":25,"column":1}}}},"branchMap":{"0":{"loc":{"start":{"line":14,"column":4},"end":{"line":23,"column":5}},"type":"if","locations":[{"start":{"line":14,"column":4},"end":{"line":23,"column":5}},{"start":{"line":21,"column":11},"end":{"line":23,"column":5}}]}},"s":{"0":1,"1":1,"2":1,"3":1,"4":1,"5":0,"6":0,"7":0,"8":0,"9":0,"10":0,"11":0,"12":1},"f":{"0":0},"b":{"0":[0,0]}}
,"/Users/atharvajoshi/Desktop/work/rent-mg-sys-projects/backend/schemas/ownerSchema.ts": {"path":"/Users/atharvajoshi/Desktop/work/rent-mg-sys-projects/backend/schemas/ownerSchema.ts","statementMap":{"0":{"start":{"line":1,"column":0},"end":{"line":1,"column":20}},"1":{"start":{"line":2,"column":0},"end":{"line":2,"column":62}},"2":{"start":{"line":3,"column":0},"end":{"line":3,"column":86}},"3":{"start":{"line":4,"column":0},"end":{"line":4,"column":58}},"4":{"start":{"line":6,"column":13},"end":{"line":14,"column":2}},"5":{"start":{"line":8,"column":19},"end":{"line":8,"column":40}},"6":{"start":{"line":9,"column":4},"end":{"line":9,"column":24}},"7":{"start":{"line":16,"column":13},"end":{"line":141,"column":3}},"8":{"start":{"line":23,"column":21},"end":{"line":23,"column":38}},"9":{"start":{"line":26,"column":21},"end":{"line":26,"column":38}},"10":{"start":{"line":29,"column":21},"end":{"line":29,"column":55}},"11":{"start":{"line":56,"column":25},"end":{"line":56,"column":46}},"12":{"start":{"line":57,"column":10},"end":{"line":57,"column":30}},"13":{"start":{"line":68,"column":25},"end":{"line":68,"column":46}},"14":{"start":{"line":69,"column":10},"end":{"line":69,"column":30}},"15":{"start":{"line":80,"column":25},"end":{"line":80,"column":46}},"16":{"start":{"line":81,"column":10},"end":{"line":81,"column":30}},"17":{"start":{"line":113,"column":25},"end":{"line":113,"column":46}},"18":{"start":{"line":114,"column":10},"end":{"line":114,"column":30}},"19":{"start":{"line":125,"column":25},"end":{"line":125,"column":46}},"20":{"start":{"line":126,"column":10},"end":{"line":126,"column":30}}},"fnMap":{"0":{"name":"(anonymous_1)","decl":{"start":{"line":7,"column":2},"end":{"line":7,"column":3}},"loc":{"start":{"line":7,"column":10},"end":{"line":10,"column":3}}},"1":{"name":"(anonymous_2)","decl":{"start":{"line":23,"column":12},"end":{"line":23,"column":13}},"loc":{"start":{"line":23,"column":21},"end":{"line":23,"column":38}}},"2":{"name":"(anonymous_3)","decl":{"start":{"line":26,"column":12},"end":{"line":26,"column":13}},"loc":{"start":{"line":26,"column":21},"end":{"line":26,"column":38}}},"3":{"name":"(anonymous_4)","decl":{"start":{"line":29,"column":12},"end":{"line":29,"column":13}},"loc":{"start":{"line":29,"column":21},"end":{"line":29,"column":55}}},"4":{"name":"(anonymous_5)","decl":{"start":{"line":55,"column":8},"end":{"line":55,"column":9}},"loc":{"start":{"line":55,"column":16},"end":{"line":58,"column":9}}},"5":{"name":"(anonymous_6)","decl":{"start":{"line":67,"column":8},"end":{"line":67,"column":9}},"loc":{"start":{"line":67,"column":16},"end":{"line":70,"column":9}}},"6":{"name":"(anonymous_7)","decl":{"start":{"line":79,"column":8},"end":{"line":79,"column":9}},"loc":{"start":{"line":79,"column":16},"end":{"line":82,"column":9}}},"7":{"name":"(anonymous_8)","decl":{"start":{"line":112,"column":8},"end":{"line":112,"column":9}},"loc":{"start":{"line":112,"column":16},"end":{"line":115,"column":9}}},"8":{"name":"(anonymous_9)","decl":{"start":{"line":124,"column":8},"end":{"line":124,"column":9}},"loc":{"start":{"line":124,"column":16},"end":{"line":127,"column":9}}}},"branchMap":{},"s":{"0":1,"1":1,"2":1,"3":1,"4":1,"5":0,"6":0,"7":1,"8":0,"9":0,"10":0,"11":0,"12":0,"13":0,"14":0,"15":0,"16":0,"17":0,"18":0,"19":0,"20":0},"f":{"0":0,"1":0,"2":0,"3":0,"4":0,"5":0,"6":0,"7":0,"8":0},"b":{}}
,"/Users/atharvajoshi/Desktop/work/rent-mg-sys-projects/backend/src/index.ts": {"path":"/Users/atharvajoshi/Desktop/work/rent-mg-sys-projects/backend/src/index.ts","statementMap":{"0":{"start":{"line":1,"column":0},"end":{"line":1,"column":42}},"1":{"start":{"line":2,"column":0},"end":{"line":2,"column":28}},"2":{"start":{"line":4,"column":0},"end":{"line":4,"column":28}},"3":{"start":{"line":5,"column":0},"end":{"line":5,"column":33}},"4":{"start":{"line":7,"column":0},"end":{"line":7,"column":48}},"5":{"start":{"line":8,"column":0},"end":{"line":8,"column":16}},"6":{"start":{"line":9,"column":12},"end":{"line":9,"column":42}},"7":{"start":{"line":10,"column":0},"end":{"line":12,"column":3}},"8":{"start":{"line":11,"column":2},"end":{"line":11,"column":45}},"9":{"start":{"line":14,"column":0},"end":{"line":14,"column":67}},"10":{"start":{"line":16,"column":0},"end":{"line":16,"column":33}},"11":{"start":{"line":18,"column":0},"end":{"line":18,"column":73}},"12":{"start":{"line":20,"column":0},"end":{"line":23,"column":3}},"13":{"start":{"line":25,"column":0},"end":{"line":25,"column":19}}},"fnMap":{"0":{"name":"(anonymous_1)","decl":{"start":{"line":10,"column":25},"end":{"line":10,"column":26}},"loc":{"start":{"line":10,"column":31},"end":{"line":12,"column":1}}}},"branchMap":{},"s":{"0":1,"1":1,"2":1,"3":1,"4":1,"5":1,"6":1,"7":1,"8":1,"9":1,"10":1,"11":1,"12":1,"13":1},"f":{"0":1},"b":{}}
,"/Users/atharvajoshi/Desktop/work/rent-mg-sys-projects/backend/src/controllers/owner/createOwner.controller.ts": {"path":"/Users/atharvajoshi/Desktop/work/rent-mg-sys-projects/backend/src/controllers/owner/createOwner.controller.ts","statementMap":{"0":{"start":{"line":3,"column":0},"end":{"line":3,"column":67}},"1":{"start":{"line":5,"column":37},"end":{"line":14,"column":1}},"2":{"start":{"line":6,"column":15},"end":{"line":6,"column":33}},"3":{"start":{"line":7,"column":30},"end":{"line":7,"column":53}},"4":{"start":{"line":8,"column":2},"end":{"line":13,"column":4}},"5":{"start":{"line":5,"column":13},"end":{"line":5,"column":37}}},"fnMap":{"0":{"name":"(anonymous_0)","decl":{"start":{"line":5,"column":37},"end":{"line":5,"column":42}},"loc":{"start":{"line":5,"column":58},"end":{"line":14,"column":1}}}},"branchMap":{},"s":{"0":1,"1":1,"2":0,"3":0,"4":0,"5":1},"f":{"0":0},"b":{}}
,"/Users/atharvajoshi/Desktop/work/rent-mg-sys-projects/backend/src/repository/createOwner.repo.ts": {"path":"/Users/atharvajoshi/Desktop/work/rent-mg-sys-projects/backend/src/repository/createOwner.repo.ts","statementMap":{"0":{"start":{"line":1,"column":0},"end":{"line":1,"column":28}},"1":{"start":{"line":2,"column":0},"end":{"line":2,"column":77}},"2":{"start":{"line":3,"column":0},"end":{"line":3,"column":74}},"3":{"start":{"line":6,"column":0},"end":{"line":6,"column":55}},"4":{"start":{"line":7,"column":0},"end":{"line":7,"column":49}},"5":{"start":{"line":9,"column":27},"end":{"line":52,"column":1}},"6":{"start":{"line":12,"column":16},"end":{"line":12,"column":28}},"7":{"start":{"line":13,"column":24},"end":{"line":13,"column":35}},"8":{"start":{"line":14,"column":40},"end":{"line":14,"column":53}},"9":{"start":{"line":15,"column":2},"end":{"line":15,"column":27}},"10":{"start":{"line":16,"column":2},"end":{"line":16,"column":71}},"11":{"start":{"line":17,"column":2},"end":{"line":51,"column":3}},"12":{"start":{"line":18,"column":4},"end":{"line":41,"column":7}},"13":{"start":{"line":42,"column":4},"end":{"line":48,"column":6}},"14":{"start":{"line":50,"column":4},"end":{"line":50,"column":42}},"15":{"start":{"line":9,"column":13},"end":{"line":9,"column":27}}},"fnMap":{"0":{"name":"(anonymous_1)","decl":{"start":{"line":9,"column":27},"end":{"line":9,"column":32}},"loc":{"start":{"line":11,"column":35},"end":{"line":52,"column":1}}}},"branchMap":{},"s":{"0":1,"1":1,"2":1,"3":1,"4":1,"5":1,"6":0,"7":0,"8":0,"9":0,"10":0,"11":0,"12":0,"13":0,"14":0,"15":1},"f":{"0":0},"b":{}}
,"/Users/atharvajoshi/Desktop/work/rent-mg-sys-projects/backend/src/routes/owner.ts": {"path":"/Users/atharvajoshi/Desktop/work/rent-mg-sys-projects/backend/src/routes/owner.ts","statementMap":{"0":{"start":{"line":1,"column":0},"end":{"line":1,"column":28}},"1":{"start":{"line":2,"column":0},"end":{"line":2,"column":67}},"2":{"start":{"line":3,"column":0},"end":{"line":3,"column":87}},"3":{"start":{"line":5,"column":20},"end":{"line":5,"column":30}},"4":{"start":{"line":9,"column":9},"end":{"line":9,"column":20}},"5":{"start":{"line":7,"column":0},"end":{"line":7,"column":64}}},"fnMap":{},"branchMap":{},"s":{"0":1,"1":1,"2":1,"3":1,"4":1,"5":1},"f":{},"b":{}}
,"/Users/atharvajoshi/Desktop/work/rent-mg-sys-projects/backend/utils/formatZodError.ts": {"path":"/Users/atharvajoshi/Desktop/work/rent-mg-sys-projects/backend/utils/formatZodError.ts","statementMap":{"0":{"start":{"line":3,"column":30},"end":{"line":9,"column":1}},"1":{"start":{"line":4,"column":2},"end":{"line":8,"column":6}},"2":{"start":{"line":4,"column":32},"end":{"line":8,"column":4}},"3":{"start":{"line":3,"column":13},"end":{"line":3,"column":30}}},"fnMap":{"0":{"name":"(anonymous_0)","decl":{"start":{"line":3,"column":30},"end":{"line":3,"column":31}},"loc":{"start":{"line":3,"column":46},"end":{"line":9,"column":1}}},"1":{"name":"(anonymous_1)","decl":{"start":{"line":4,"column":22},"end":{"line":4,"column":23}},"loc":{"start":{"line":4,"column":32},"end":{"line":8,"column":4}}}},"branchMap":{},"s":{"0":2,"1":1,"2":2,"3":2},"f":{"0":1,"1":2},"b":{}}
,"/Users/atharvajoshi/Desktop/work/rent-mg-sys-projects/backend/utils/generateId.ts": {"path":"/Users/atharvajoshi/Desktop/work/rent-mg-sys-projects/backend/utils/generateId.ts","statementMap":{"0":{"start":{"line":1,"column":26},"end":{"line":3,"column":1}},"1":{"start":{"line":2,"column":2},"end":{"line":2,"column":57}},"2":{"start":{"line":1,"column":13},"end":{"line":1,"column":26}}},"fnMap":{"0":{"name":"(anonymous_0)","decl":{"start":{"line":1,"column":26},"end":{"line":1,"column":29}},"loc":{"start":{"line":1,"column":31},"end":{"line":3,"column":1}}}},"branchMap":{},"s":{"0":2,"1":1,"2":2},"f":{"0":1},"b":{}}
,"/Users/atharvajoshi/Desktop/work/rent-mg-sys-projects/backend/utils/prismaClient.ts": {"path":"/Users/atharvajoshi/Desktop/work/rent-mg-sys-projects/backend/utils/prismaClient.ts","statementMap":{"0":{"start":{"line":1,"column":0},"end":{"line":1,"column":46}},"1":{"start":{"line":2,"column":13},"end":{"line":2,"column":37}}},"fnMap":{},"branchMap":{},"s":{"0":1,"1":1},"f":{},"b":{}}
}
