TN:
SF:handlers/prismaErrorHandler.ts
FN:5,(anonymous_0)
FNF:1
FNH:1
FNDA:1,(anonymous_0)
DA:1,2
DA:2,2
DA:3,2
DA:5,2
DA:7,1
DA:16,1
DA:17,1
DA:18,0
DA:20,0
DA:26,0
DA:32,0
DA:38,0
DA:45,1
DA:46,0
DA:51,1
DA:52,0
DA:57,1
LF:17
LH:10
BRDA:17,0,0,0
BRDA:18,1,0,0
BRDA:18,1,1,0
BRDA:18,1,2,0
BRDA:18,1,3,0
BRDA:45,2,0,0
BRDA:51,3,0,0
BRF:7
BRH:0
end_of_record
TN:
SF:middlewares/ownerData.ts
FN:8,(anonymous_0)
FNF:1
FNH:0
FNDA:0,(anonymous_0)
DA:3,1
DA:4,1
DA:5,1
DA:6,1
DA:8,1
DA:9,0
DA:10,0
DA:11,0
DA:12,0
DA:14,0
DA:15,0
DA:22,0
LF:12
LH:5
BRDA:14,0,0,0
BRDA:14,0,1,0
BRF:2
BRH:0
end_of_record
TN:
SF:schemas/ownerSchema.ts
FN:7,(anonymous_1)
FN:23,(anonymous_2)
FN:26,(anonymous_3)
FN:29,(anonymous_4)
FN:55,(anonymous_5)
FN:67,(anonymous_6)
FN:79,(anonymous_7)
FN:112,(anonymous_8)
FN:124,(anonymous_9)
FNF:9
FNH:0
FNDA:0,(anonymous_1)
FNDA:0,(anonymous_2)
FNDA:0,(anonymous_3)
FNDA:0,(anonymous_4)
FNDA:0,(anonymous_5)
FNDA:0,(anonymous_6)
FNDA:0,(anonymous_7)
FNDA:0,(anonymous_8)
FNDA:0,(anonymous_9)
DA:1,1
DA:2,1
DA:3,1
DA:4,1
DA:6,1
DA:8,0
DA:9,0
DA:16,1
DA:23,0
DA:26,0
DA:29,0
DA:56,0
DA:57,0
DA:68,0
DA:69,0
DA:80,0
DA:81,0
DA:113,0
DA:114,0
DA:125,0
DA:126,0
LF:21
LH:6
BRF:0
BRH:0
end_of_record
TN:
SF:src/index.ts
FN:10,(anonymous_1)
FNF:1
FNH:1
FNDA:1,(anonymous_1)
DA:1,1
DA:2,1
DA:4,1
DA:5,1
DA:7,1
DA:8,1
DA:9,1
DA:10,1
DA:11,1
DA:14,1
DA:16,1
DA:18,1
DA:20,1
DA:25,1
LF:14
LH:14
BRF:0
BRH:0
end_of_record
TN:
SF:src/controllers/owner/createOwner.controller.ts
FN:5,(anonymous_0)
FNF:1
FNH:0
FNDA:0,(anonymous_0)
DA:3,1
DA:5,1
DA:6,0
DA:7,0
DA:8,0
LF:5
LH:2
BRF:0
BRH:0
end_of_record
TN:
SF:src/repository/createOwner.repo.ts
FN:9,(anonymous_1)
FNF:1
FNH:0
FNDA:0,(anonymous_1)
DA:1,1
DA:2,1
DA:3,1
DA:6,1
DA:7,1
DA:9,1
DA:12,0
DA:13,0
DA:14,0
DA:15,0
DA:16,0
DA:17,0
DA:18,0
DA:42,0
DA:50,0
LF:15
LH:6
BRF:0
BRH:0
end_of_record
TN:
SF:src/routes/owner.ts
FNF:0
FNH:0
DA:1,1
DA:2,1
DA:3,1
DA:5,1
DA:7,1
DA:9,1
LF:6
LH:6
BRF:0
BRH:0
end_of_record
TN:
SF:utils/formatZodError.ts
FN:3,(anonymous_0)
FN:4,(anonymous_1)
FNF:2
FNH:2
FNDA:1,(anonymous_0)
FNDA:2,(anonymous_1)
DA:3,2
DA:4,2
LF:2
LH:2
BRF:0
BRH:0
end_of_record
TN:
SF:utils/generateId.ts
FN:1,(anonymous_0)
FNF:1
FNH:1
FNDA:1,(anonymous_0)
DA:1,2
DA:2,1
LF:2
LH:2
BRF:0
BRH:0
end_of_record
TN:
SF:utils/prismaClient.ts
FNF:0
FNH:0
DA:1,1
DA:2,1
LF:2
LH:2
BRF:0
BRH:0
end_of_record
